{"/Users/myrtle/Projects/mnemonic/src/App.js": {"path":"/Users/myrtle/Projects/mnemonic/src/App.js","statementMap":{"0":{"start":{"line":10,"column":26},"end":{"line":10,"column":38}},"1":{"start":{"line":11,"column":32},"end":{"line":11,"column":44}},"2":{"start":{"line":12,"column":36},"end":{"line":12,"column":49}},"3":{"start":{"line":13,"column":30},"end":{"line":13,"column":42}},"4":{"start":{"line":14,"column":34},"end":{"line":14,"column":49}},"5":{"start":{"line":15,"column":28},"end":{"line":15,"column":39}},"6":{"start":{"line":16,"column":26},"end":{"line":16,"column":37}},"7":{"start":{"line":17,"column":42},"end":{"line":17,"column":53}},"8":{"start":{"line":18,"column":30},"end":{"line":18,"column":41}},"9":{"start":{"line":20,"column":2},"end":{"line":22,"column":8}},"10":{"start":{"line":21,"column":4},"end":{"line":21,"column":17}},"11":{"start":{"line":24,"column":2},"end":{"line":26,"column":11}},"12":{"start":{"line":25,"column":4},"end":{"line":25,"column":19}},"13":{"start":{"line":28,"column":2},"end":{"line":31,"column":4}},"14":{"start":{"line":29,"column":27},"end":{"line":29,"column":73}},"15":{"start":{"line":30,"column":4},"end":{"line":30,"column":69}},"16":{"start":{"line":30,"column":17},"end":{"line":30,"column":69}},"17":{"start":{"line":33,"column":2},"end":{"line":35,"column":14}},"18":{"start":{"line":34,"column":4},"end":{"line":34,"column":17}},"19":{"start":{"line":37,"column":22},"end":{"line":54,"column":3}},"20":{"start":{"line":38,"column":4},"end":{"line":38,"column":22}},"21":{"start":{"line":39,"column":4},"end":{"line":53,"column":5}},"22":{"start":{"line":40,"column":6},"end":{"line":40,"column":22}},"23":{"start":{"line":41,"column":6},"end":{"line":41,"column":24}},"24":{"start":{"line":44,"column":6},"end":{"line":44,"column":37}},"25":{"start":{"line":44,"column":31},"end":{"line":44,"column":37}},"26":{"start":{"line":45,"column":6},"end":{"line":45,"column":33}},"27":{"start":{"line":46,"column":6},"end":{"line":52,"column":7}},"28":{"start":{"line":47,"column":8},"end":{"line":47,"column":47}},"29":{"start":{"line":48,"column":8},"end":{"line":48,"column":21}},"30":{"start":{"line":49,"column":8},"end":{"line":49,"column":39}},"31":{"start":{"line":51,"column":8},"end":{"line":51,"column":18}},"32":{"start":{"line":56,"column":18},"end":{"line":59,"column":3}},"33":{"start":{"line":57,"column":4},"end":{"line":57,"column":46}},"34":{"start":{"line":58,"column":4},"end":{"line":58,"column":33}},"35":{"start":{"line":62,"column":19},"end":{"line":62,"column":28}},"36":{"start":{"line":63,"column":4},"end":{"line":63,"column":24}},"37":{"start":{"line":64,"column":4},"end":{"line":64,"column":23}},"38":{"start":{"line":68,"column":21},"end":{"line":68,"column":37}},"39":{"start":{"line":69,"column":4},"end":{"line":69,"column":38}},"40":{"start":{"line":70,"column":4},"end":{"line":70,"column":25}},"41":{"start":{"line":73,"column":21},"end":{"line":79,"column":3}},"42":{"start":{"line":74,"column":4},"end":{"line":78,"column":5}},"43":{"start":{"line":75,"column":6},"end":{"line":75,"column":15}},"44":{"start":{"line":76,"column":6},"end":{"line":76,"column":24}},"45":{"start":{"line":77,"column":6},"end":{"line":77,"column":32}},"46":{"start":{"line":81,"column":23},"end":{"line":87,"column":3}},"47":{"start":{"line":82,"column":4},"end":{"line":86,"column":5}},"48":{"start":{"line":83,"column":6},"end":{"line":83,"column":16}},"49":{"start":{"line":84,"column":6},"end":{"line":84,"column":28}},"50":{"start":{"line":85,"column":6},"end":{"line":85,"column":32}},"51":{"start":{"line":89,"column":18},"end":{"line":96,"column":3}},"52":{"start":{"line":90,"column":4},"end":{"line":90,"column":18}},"53":{"start":{"line":91,"column":4},"end":{"line":91,"column":31}},"54":{"start":{"line":92,"column":4},"end":{"line":92,"column":15}},"55":{"start":{"line":93,"column":4},"end":{"line":93,"column":32}},"56":{"start":{"line":94,"column":4},"end":{"line":94,"column":23}},"57":{"start":{"line":95,"column":4},"end":{"line":95,"column":16}},"58":{"start":{"line":98,"column":20},"end":{"line":100,"column":3}},"59":{"start":{"line":99,"column":4},"end":{"line":99,"column":47}},"60":{"start":{"line":102,"column":24},"end":{"line":107,"column":3}},"61":{"start":{"line":103,"column":4},"end":{"line":106,"column":6}},"62":{"start":{"line":104,"column":18},"end":{"line":104,"column":41}},"63":{"start":{"line":105,"column":6},"end":{"line":105,"column":27}},"64":{"start":{"line":109,"column":21},"end":{"line":112,"column":3}},"65":{"start":{"line":110,"column":4},"end":{"line":110,"column":18}},"66":{"start":{"line":111,"column":4},"end":{"line":111,"column":22}},"67":{"start":{"line":114,"column":26},"end":{"line":114,"column":54}},"68":{"start":{"line":114,"column":34},"end":{"line":114,"column":54}},"69":{"start":{"line":116,"column":18},"end":{"line":120,"column":3}},"70":{"start":{"line":117,"column":24},"end":{"line":117,"column":60}},"71":{"start":{"line":117,"column":45},"end":{"line":117,"column":59}},"72":{"start":{"line":118,"column":24},"end":{"line":118,"column":68}},"73":{"start":{"line":118,"column":45},"end":{"line":118,"column":67}},"74":{"start":{"line":119,"column":4},"end":{"line":119,"column":48}},"75":{"start":{"line":122,"column":22},"end":{"line":129,"column":3}},"76":{"start":{"line":123,"column":4},"end":{"line":128,"column":5}},"77":{"start":{"line":131,"column":2},"end":{"line":155,"column":3}}},"fnMap":{"0":{"name":"App","decl":{"start":{"line":9,"column":24},"end":{"line":9,"column":27}},"loc":{"start":{"line":9,"column":30},"end":{"line":156,"column":1}},"line":9},"1":{"name":"(anonymous_1)","decl":{"start":{"line":20,"column":12},"end":{"line":20,"column":13}},"loc":{"start":{"line":20,"column":18},"end":{"line":22,"column":3}},"line":20},"2":{"name":"(anonymous_2)","decl":{"start":{"line":24,"column":12},"end":{"line":24,"column":13}},"loc":{"start":{"line":24,"column":18},"end":{"line":26,"column":3}},"line":24},"3":{"name":"(anonymous_3)","decl":{"start":{"line":28,"column":12},"end":{"line":28,"column":13}},"loc":{"start":{"line":28,"column":18},"end":{"line":31,"column":3}},"line":28},"4":{"name":"(anonymous_4)","decl":{"start":{"line":30,"column":11},"end":{"line":30,"column":12}},"loc":{"start":{"line":30,"column":17},"end":{"line":30,"column":69}},"line":30},"5":{"name":"(anonymous_5)","decl":{"start":{"line":33,"column":12},"end":{"line":33,"column":13}},"loc":{"start":{"line":33,"column":18},"end":{"line":35,"column":3}},"line":33},"6":{"name":"(anonymous_6)","decl":{"start":{"line":37,"column":22},"end":{"line":37,"column":23}},"loc":{"start":{"line":37,"column":30},"end":{"line":54,"column":3}},"line":37},"7":{"name":"(anonymous_7)","decl":{"start":{"line":56,"column":18},"end":{"line":56,"column":19}},"loc":{"start":{"line":56,"column":24},"end":{"line":59,"column":3}},"line":56},"8":{"name":"updateScore","decl":{"start":{"line":61,"column":11},"end":{"line":61,"column":22}},"loc":{"start":{"line":61,"column":40},"end":{"line":65,"column":3}},"line":61},"9":{"name":"updateGuesses","decl":{"start":{"line":67,"column":11},"end":{"line":67,"column":24}},"loc":{"start":{"line":67,"column":49},"end":{"line":71,"column":3}},"line":67},"10":{"name":"(anonymous_10)","decl":{"start":{"line":73,"column":21},"end":{"line":73,"column":22}},"loc":{"start":{"line":73,"column":32},"end":{"line":79,"column":3}},"line":73},"11":{"name":"(anonymous_11)","decl":{"start":{"line":81,"column":23},"end":{"line":81,"column":24}},"loc":{"start":{"line":81,"column":41},"end":{"line":87,"column":3}},"line":81},"12":{"name":"(anonymous_12)","decl":{"start":{"line":89,"column":18},"end":{"line":89,"column":19}},"loc":{"start":{"line":89,"column":24},"end":{"line":96,"column":3}},"line":89},"13":{"name":"(anonymous_13)","decl":{"start":{"line":98,"column":20},"end":{"line":98,"column":21}},"loc":{"start":{"line":98,"column":26},"end":{"line":100,"column":3}},"line":98},"14":{"name":"(anonymous_14)","decl":{"start":{"line":102,"column":24},"end":{"line":102,"column":25}},"loc":{"start":{"line":102,"column":30},"end":{"line":107,"column":3}},"line":102},"15":{"name":"(anonymous_15)","decl":{"start":{"line":103,"column":14},"end":{"line":103,"column":15}},"loc":{"start":{"line":103,"column":22},"end":{"line":106,"column":5}},"line":103},"16":{"name":"(anonymous_16)","decl":{"start":{"line":109,"column":21},"end":{"line":109,"column":22}},"loc":{"start":{"line":109,"column":27},"end":{"line":112,"column":3}},"line":109},"17":{"name":"(anonymous_17)","decl":{"start":{"line":114,"column":26},"end":{"line":114,"column":27}},"loc":{"start":{"line":114,"column":34},"end":{"line":114,"column":54}},"line":114},"18":{"name":"(anonymous_18)","decl":{"start":{"line":116,"column":18},"end":{"line":116,"column":19}},"loc":{"start":{"line":116,"column":26},"end":{"line":120,"column":3}},"line":116},"19":{"name":"(anonymous_19)","decl":{"start":{"line":117,"column":35},"end":{"line":117,"column":36}},"loc":{"start":{"line":117,"column":45},"end":{"line":117,"column":59}},"line":117},"20":{"name":"(anonymous_20)","decl":{"start":{"line":118,"column":35},"end":{"line":118,"column":36}},"loc":{"start":{"line":118,"column":45},"end":{"line":118,"column":67}},"line":118},"21":{"name":"(anonymous_21)","decl":{"start":{"line":122,"column":22},"end":{"line":122,"column":23}},"loc":{"start":{"line":122,"column":28},"end":{"line":129,"column":3}},"line":122}},"branchMap":{"0":{"loc":{"start":{"line":39,"column":4},"end":{"line":53,"column":5}},"type":"if","locations":[{"start":{"line":39,"column":4},"end":{"line":53,"column":5}},{"start":{"line":39,"column":4},"end":{"line":53,"column":5}}],"line":39},"1":{"loc":{"start":{"line":44,"column":6},"end":{"line":44,"column":37}},"type":"if","locations":[{"start":{"line":44,"column":6},"end":{"line":44,"column":37}},{"start":{"line":44,"column":6},"end":{"line":44,"column":37}}],"line":44},"2":{"loc":{"start":{"line":46,"column":6},"end":{"line":52,"column":7}},"type":"if","locations":[{"start":{"line":46,"column":6},"end":{"line":52,"column":7}},{"start":{"line":46,"column":6},"end":{"line":52,"column":7}}],"line":46},"3":{"loc":{"start":{"line":74,"column":4},"end":{"line":78,"column":5}},"type":"if","locations":[{"start":{"line":74,"column":4},"end":{"line":78,"column":5}},{"start":{"line":74,"column":4},"end":{"line":78,"column":5}}],"line":74},"4":{"loc":{"start":{"line":82,"column":4},"end":{"line":86,"column":5}},"type":"if","locations":[{"start":{"line":82,"column":4},"end":{"line":86,"column":5}},{"start":{"line":82,"column":4},"end":{"line":86,"column":5}}],"line":82}},"s":{"0":9,"1":9,"2":9,"3":9,"4":9,"5":9,"6":9,"7":9,"8":9,"9":9,"10":4,"11":9,"12":4,"13":9,"14":8,"15":8,"16":5,"17":9,"18":4,"19":9,"20":0,"21":0,"22":0,"23":0,"24":0,"25":0,"26":0,"27":0,"28":0,"29":0,"30":0,"31":0,"32":9,"33":0,"34":0,"35":0,"36":0,"37":0,"38":0,"39":0,"40":0,"41":9,"42":4,"43":0,"44":0,"45":0,"46":9,"47":0,"48":0,"49":0,"50":0,"51":9,"52":0,"53":0,"54":0,"55":0,"56":0,"57":0,"58":9,"59":0,"60":9,"61":4,"62":0,"63":0,"64":9,"65":0,"66":0,"67":9,"68":0,"69":9,"70":0,"71":0,"72":0,"73":0,"74":0,"75":9,"76":4,"77":9},"f":{"0":9,"1":4,"2":4,"3":8,"4":5,"5":4,"6":0,"7":0,"8":0,"9":0,"10":4,"11":0,"12":0,"13":0,"14":4,"15":0,"16":0,"17":0,"18":0,"19":0,"20":0,"21":4},"b":{"0":[0,0],"1":[0,0],"2":[0,0],"3":[0,4],"4":[0,0]},"_coverageSchema":"43e27e138ebf9cfc5966b082cf9a028302ed4184","hash":"d91d4c1b2b44343530dfb3e1e0185dfa5bde29cf"}
}
