TN:
SF:/Users/myrtle/Projects/mnemonic/src/App.js
FN:9,App
FN:20,(anonymous_1)
FN:24,(anonymous_2)
FN:28,(anonymous_3)
FN:30,(anonymous_4)
FN:33,(anonymous_5)
FN:37,(anonymous_6)
FN:56,(anonymous_7)
FN:61,updateScore
FN:67,updateGuesses
FN:73,(anonymous_10)
FN:81,(anonymous_11)
FN:89,(anonymous_12)
FN:98,(anonymous_13)
FN:102,(anonymous_14)
FN:103,(anonymous_15)
FN:109,(anonymous_16)
FN:114,(anonymous_17)
FN:116,(anonymous_18)
FN:117,(anonymous_19)
FN:118,(anonymous_20)
FN:122,(anonymous_21)
FNF:22
FNH:9
FNDA:9,App
FNDA:4,(anonymous_1)
FNDA:4,(anonymous_2)
FNDA:8,(anonymous_3)
FNDA:5,(anonymous_4)
FNDA:4,(anonymous_5)
FNDA:0,(anonymous_6)
FNDA:0,(anonymous_7)
FNDA:0,updateScore
FNDA:0,updateGuesses
FNDA:4,(anonymous_10)
FNDA:0,(anonymous_11)
FNDA:0,(anonymous_12)
FNDA:0,(anonymous_13)
FNDA:4,(anonymous_14)
FNDA:0,(anonymous_15)
FNDA:0,(anonymous_16)
FNDA:0,(anonymous_17)
FNDA:0,(anonymous_18)
FNDA:0,(anonymous_19)
FNDA:0,(anonymous_20)
FNDA:4,(anonymous_21)
DA:10,9
DA:11,9
DA:12,9
DA:13,9
DA:14,9
DA:15,9
DA:16,9
DA:17,9
DA:18,9
DA:20,9
DA:21,4
DA:24,9
DA:25,4
DA:28,9
DA:29,8
DA:30,8
DA:33,9
DA:34,4
DA:37,9
DA:38,0
DA:39,0
DA:40,0
DA:41,0
DA:44,0
DA:45,0
DA:46,0
DA:47,0
DA:48,0
DA:49,0
DA:51,0
DA:56,9
DA:57,0
DA:58,0
DA:62,0
DA:63,0
DA:64,0
DA:68,0
DA:69,0
DA:70,0
DA:73,9
DA:74,4
DA:75,0
DA:76,0
DA:77,0
DA:81,9
DA:82,0
DA:83,0
DA:84,0
DA:85,0
DA:89,9
DA:90,0
DA:91,0
DA:92,0
DA:93,0
DA:94,0
DA:95,0
DA:98,9
DA:99,0
DA:102,9
DA:103,4
DA:104,0
DA:105,0
DA:109,9
DA:110,0
DA:111,0
DA:114,9
DA:116,9
DA:117,0
DA:118,0
DA:119,0
DA:122,9
DA:123,4
DA:131,9
LF:73
LH:33
BRDA:39,0,0,0
BRDA:39,0,1,0
BRDA:44,1,0,0
BRDA:44,1,1,0
BRDA:46,2,0,0
BRDA:46,2,1,0
BRDA:74,3,0,0
BRDA:74,3,1,4
BRDA:82,4,0,0
BRDA:82,4,1,0
BRF:10
BRH:1
end_of_record
